<?xml version="1.0" encoding="UTF-8"?>
<!-- Generated by org.testng.reporters.JUnitReportReporter -->
<testsuite hostname="DESKTOP-ISU8479" name="com.amazon.tests.PurchaseItemTest" tests="2" failures="0" timestamp="16 Aug 2019 06:27:11 GMT" time="126.900" errors="0">
  <testcase name="purchaseSearchedItem" time="55.107" classname="com.amazon.tests.PurchaseItemTest"/>
  <testcase name="searchItem" time="71.793" classname="com.amazon.tests.PurchaseItemTest"/>
</testsuite> <!-- com.amazon.tests.PurchaseItemTest -->
